<?xml version="1.0" encoding="UTF-8"?>
<!-- Generated by org.testng.reporters.JUnitXMLReporter -->
<testsuite hostname="ezs013" ignored="0" name="Test" tests="2" failures="1" timestamp="20 Feb 2018 13:30:29 GMT" time="20.564" errors="0">
  <testcase name="UniversalSettings" time="14.556" classname="com.eDocs.Calculation.Default_Limit"/>
  <testcase name="P1_P1A1_Solid" time="5.975" classname="com.eDocs.Calculation.SolidCalculation">
    <failure type="com.mysql.jdbc.exceptions.jdbc4.MySQLSyntaxErrorException" message="You have an error in your SQL syntax; check the manual that corresponds to your MySQL server version for the right syntax to use near &amp;apos;&amp;apos;&amp;apos; at line 1">
      <![CDATA[com.mysql.jdbc.exceptions.jdbc4.MySQLSyntaxErrorException: You have an error in your SQL syntax; check the manual that corresponds to your MySQL server version for the right syntax to use near ''' at line 1
	at com.mysql.jdbc.Util.handleNewInstance(Util.java:411)
	at com.mysql.jdbc.Util.getInstance(Util.java:386)
	at com.mysql.jdbc.SQLError.createSQLException(SQLError.java:1052)
	at com.mysql.jdbc.MysqlIO.checkErrorPacket(MysqlIO.java:3609)
	at com.mysql.jdbc.MysqlIO.checkErrorPacket(MysqlIO.java:3541)
	at com.mysql.jdbc.MysqlIO.sendCommand(MysqlIO.java:2002)
	at com.mysql.jdbc.MysqlIO.sqlQueryDirect(MysqlIO.java:2163)
	at com.mysql.jdbc.ConnectionImpl.execSQL(ConnectionImpl.java:2618)
	at com.mysql.jdbc.ConnectionImpl.execSQL(ConnectionImpl.java:2568)
	at com.mysql.jdbc.StatementImpl.executeQuery(StatementImpl.java:1557)
	at com.eDocs.Calculation.SolidCalculation.P1_P1A1_Solid(SolidCalculation.java:348)
... Removed 29 stack frames]]>
    </failure>
  </testcase> <!-- P1_P1A1_Solid -->
</testsuite> <!-- Test -->
