<?xml version="1.0" encoding="UTF-8"?>
<!-- Generated by org.testng.reporters.JUnitXMLReporter -->
<testsuite hostname="ezs013" ignored="0" name="Default test" tests="6" failures="0" timestamp="26 May 2018 07:56:14 GMT" time="32.368" errors="0">
  <testcase name="Login" time="10.939" classname="com.eDocs.Equipment.EquipmentName"/>
  <testcase name="nameEmpty" time="4.892" classname="com.eDocs.Equipment.EquipmentName"/>
  <testcase name="nameMaxFieldLength" time="3.659" classname="com.eDocs.Equipment.EquipmentName"/>
  <testcase name="nameSpecialChar" time="3.532" classname="com.eDocs.Equipment.EquipmentName"/>
  <testcase name="nameBeginingSpaceCheck" time="3.398" classname="com.eDocs.Equipment.EquipmentName"/>
  <testcase name="nameDuplicate" time="5.065" classname="com.eDocs.Equipment.EquipmentName"/>
</testsuite> <!-- Default test -->
