<?xml version="1.0" encoding="UTF-8"?>
<testng-results skipped="0" failed="1" ignored="0" total="10" passed="9">
  <reporter-output>
  </reporter-output>
  <suite name="Suite" duration-ms="59966" started-at="2018-07-31T14:25:44Z" finished-at="2018-07-31T14:26:43Z">
    <groups>
    </groups>
    <test name="Test" duration-ms="59966" started-at="2018-07-31T14:25:44Z" finished-at="2018-07-31T14:26:43Z">
      <class name="com.eDocs.Utility.UtilityDelete">
        <test-method status="FAIL" signature="DeleteAPI()[pri:9, instance:com.eDocs.Utility.UtilityDelete@7ae0a9ec]" name="DeleteAPI" duration-ms="8273" started-at="2018-07-31T19:56:35Z" finished-at="2018-07-31T19:56:43Z">
          <exception class="org.openqa.selenium.ElementNotInteractableException">
            <message>
              <![CDATA[Element is not visible
Build info: version: '3.12.0', revision: '7c6e0b3', time: '2018-05-08T15:15:03.216Z'
System info: host: 'EZS013', ip: '192.168.1.45', os.name: 'Windows 8.1', os.arch: 'amd64', os.version: '6.3', java.version: '1.8.0_05'
Driver info: org.openqa.selenium.firefox.FirefoxDriver
Capabilities {acceptInsecureCerts: true, browserName: firefox, browserVersion: 56.0, javascriptEnabled: true, moz:accessibilityChecks: false, moz:headless: false, moz:processID: 14768, moz:profile: C:\Users\Easy solutions\App..., pageLoadStrategy: normal, platform: XP, platformName: XP, platformVersion: 10.0, rotatable: false, specificationLevel: 0, timeouts: {implicit: 0, pageLoad: 300000, script: 30000}}
Session ID: cf0dbe5f-2e93-4654-b86f-5ae099383d21]]>
            </message>
            <full-stacktrace>
              <![CDATA[org.openqa.selenium.ElementNotInteractableException: Element is not visible
Build info: version: '3.12.0', revision: '7c6e0b3', time: '2018-05-08T15:15:03.216Z'
System info: host: 'EZS013', ip: '192.168.1.45', os.name: 'Windows 8.1', os.arch: 'amd64', os.version: '6.3', java.version: '1.8.0_05'
Driver info: org.openqa.selenium.firefox.FirefoxDriver
Capabilities {acceptInsecureCerts: true, browserName: firefox, browserVersion: 56.0, javascriptEnabled: true, moz:accessibilityChecks: false, moz:headless: false, moz:processID: 14768, moz:profile: C:\Users\Easy solutions\App..., pageLoadStrategy: normal, platform: XP, platformName: XP, platformVersion: 10.0, rotatable: false, specificationLevel: 0, timeouts: {implicit: 0, pageLoad: 300000, script: 30000}}
Session ID: cf0dbe5f-2e93-4654-b86f-5ae099383d21
	at sun.reflect.NativeConstructorAccessorImpl.newInstance0(Native Method)
	at sun.reflect.NativeConstructorAccessorImpl.newInstance(NativeConstructorAccessorImpl.java:62)
	at sun.reflect.DelegatingConstructorAccessorImpl.newInstance(DelegatingConstructorAccessorImpl.java:45)
	at java.lang.reflect.Constructor.newInstance(Constructor.java:408)
	at org.openqa.selenium.remote.http.W3CHttpResponseCodec.createException(W3CHttpResponseCodec.java:187)
	at org.openqa.selenium.remote.http.W3CHttpResponseCodec.decode(W3CHttpResponseCodec.java:122)
	at org.openqa.selenium.remote.http.W3CHttpResponseCodec.decode(W3CHttpResponseCodec.java:49)
	at org.openqa.selenium.remote.HttpCommandExecutor.execute(HttpCommandExecutor.java:158)
	at org.openqa.selenium.remote.service.DriverCommandExecutor.execute(DriverCommandExecutor.java:83)
	at org.openqa.selenium.remote.RemoteWebDriver.execute(RemoteWebDriver.java:543)
	at org.openqa.selenium.remote.RemoteWebElement.execute(RemoteWebElement.java:276)
	at org.openqa.selenium.remote.RemoteWebElement.sendKeys(RemoteWebElement.java:100)
	at com.eDocs.Utility.UtilityDelete.DeleteAPI(UtilityDelete.java:37)
	at sun.reflect.NativeMethodAccessorImpl.invoke0(Native Method)
	at sun.reflect.NativeMethodAccessorImpl.invoke(NativeMethodAccessorImpl.java:62)
	at sun.reflect.DelegatingMethodAccessorImpl.invoke(DelegatingMethodAccessorImpl.java:43)
	at java.lang.reflect.Method.invoke(Method.java:483)
	at org.testng.internal.MethodInvocationHelper.invokeMethod(MethodInvocationHelper.java:108)
	at org.testng.internal.Invoker.invokeMethod(Invoker.java:669)
	at org.testng.internal.Invoker.invokeTestMethod(Invoker.java:877)
	at org.testng.internal.Invoker.invokeTestMethods(Invoker.java:1201)
	at org.testng.internal.TestMethodWorker.invokeTestMethods(TestMethodWorker.java:125)
	at org.testng.internal.TestMethodWorker.run(TestMethodWorker.java:109)
	at org.testng.TestRunner.privateRun(TestRunner.java:776)
	at org.testng.TestRunner.run(TestRunner.java:634)
	at org.testng.SuiteRunner.runTest(SuiteRunner.java:425)
	at org.testng.SuiteRunner.runSequentially(SuiteRunner.java:420)
	at org.testng.SuiteRunner.privateRun(SuiteRunner.java:385)
	at org.testng.SuiteRunner.run(SuiteRunner.java:334)
	at org.testng.SuiteRunnerWorker.runSuite(SuiteRunnerWorker.java:52)
	at org.testng.SuiteRunnerWorker.run(SuiteRunnerWorker.java:86)
	at org.testng.TestNG.runSuitesSequentially(TestNG.java:1318)
	at org.testng.TestNG.runSuitesLocally(TestNG.java:1243)
	at org.testng.TestNG.runSuites(TestNG.java:1161)
	at org.testng.TestNG.run(TestNG.java:1129)
	at org.testng.remote.AbstractRemoteTestNG.run(AbstractRemoteTestNG.java:114)
	at org.testng.remote.RemoteTestNG.initAndRun(RemoteTestNG.java:251)
	at org.testng.remote.RemoteTestNG.main(RemoteTestNG.java:77)
]]>
            </full-stacktrace>
          </exception> <!-- org.openqa.selenium.ElementNotInteractableException -->
          <reporter-output>
          </reporter-output>
        </test-method> <!-- DeleteAPI -->
      </class> <!-- com.eDocs.Utility.UtilityDelete -->
      <class name="com.eDocs.Utility.UtilityCreate">
        <test-method status="PASS" signature="setUp()[pri:0, instance:com.eDocs.Utility.UtilityCreate@1972e513]" name="setUp" is-config="true" duration-ms="1122" started-at="2018-07-31T19:55:44Z" finished-at="2018-07-31T19:55:45Z">
          <reporter-output>
          </reporter-output>
        </test-method> <!-- setUp -->
        <test-method status="PASS" signature="Login()[pri:1, instance:com.eDocs.Utility.UtilityCreate@1972e513]" name="Login" duration-ms="7378" started-at="2018-07-31T19:55:45Z" finished-at="2018-07-31T19:55:52Z">
          <reporter-output>
          </reporter-output>
        </test-method> <!-- Login -->
        <test-method status="PASS" signature="nameEmpty()[pri:1, instance:com.eDocs.Utility.UtilityCreate@1972e513]" name="nameEmpty" duration-ms="12362" started-at="2018-07-31T19:55:52Z" finished-at="2018-07-31T19:56:04Z">
          <reporter-output>
          </reporter-output>
        </test-method> <!-- nameEmpty -->
        <test-method status="PASS" signature="nameMaxFieldLength()[pri:2, instance:com.eDocs.Utility.UtilityCreate@1972e513]" name="nameMaxFieldLength" duration-ms="4159" started-at="2018-07-31T19:56:04Z" finished-at="2018-07-31T19:56:09Z">
          <reporter-output>
          </reporter-output>
        </test-method> <!-- nameMaxFieldLength -->
        <test-method status="PASS" signature="nameSpecialChar()[pri:3, instance:com.eDocs.Utility.UtilityCreate@1972e513]" name="nameSpecialChar" duration-ms="4040" started-at="2018-07-31T19:56:09Z" finished-at="2018-07-31T19:56:13Z">
          <reporter-output>
          </reporter-output>
        </test-method> <!-- nameSpecialChar -->
        <test-method status="PASS" signature="nameBeginingSpaceCheck()[pri:4, instance:com.eDocs.Utility.UtilityCreate@1972e513]" name="nameBeginingSpaceCheck" duration-ms="4383" started-at="2018-07-31T19:56:13Z" finished-at="2018-07-31T19:56:17Z">
          <reporter-output>
          </reporter-output>
        </test-method> <!-- nameBeginingSpaceCheck -->
        <test-method status="PASS" signature="locationNameEmpty()[pri:5, instance:com.eDocs.Utility.UtilityCreate@1972e513]" name="locationNameEmpty" duration-ms="4949" started-at="2018-07-31T19:56:17Z" finished-at="2018-07-31T19:56:22Z">
          <reporter-output>
          </reporter-output>
        </test-method> <!-- locationNameEmpty -->
        <test-method status="PASS" signature="identificationNoEmpty()[pri:6, instance:com.eDocs.Utility.UtilityCreate@1972e513]" name="identificationNoEmpty" duration-ms="4716" started-at="2018-07-31T19:56:22Z" finished-at="2018-07-31T19:56:27Z">
          <reporter-output>
          </reporter-output>
        </test-method> <!-- identificationNoEmpty -->
        <test-method status="PASS" signature="identificationNoMaxLength()[pri:7, instance:com.eDocs.Utility.UtilityCreate@1972e513]" name="identificationNoMaxLength" duration-ms="4448" started-at="2018-07-31T19:56:27Z" finished-at="2018-07-31T19:56:31Z">
          <reporter-output>
          </reporter-output>
        </test-method> <!-- identificationNoMaxLength -->
        <test-method status="PASS" signature="utilitySave()[pri:8, instance:com.eDocs.Utility.UtilityCreate@1972e513]" name="utilitySave" duration-ms="4062" started-at="2018-07-31T19:56:31Z" finished-at="2018-07-31T19:56:35Z">
          <reporter-output>
          </reporter-output>
        </test-method> <!-- utilitySave -->
      </class> <!-- com.eDocs.Utility.UtilityCreate -->
    </test> <!-- Test -->
  </suite> <!-- Suite -->
</testng-results>
