<?xml version="1.0" encoding="UTF-8"?>
<testng-results skipped="0" failed="0" ignored="0" total="1" passed="1">
  <reporter-output>
  </reporter-output>
  <suite name="Default suite" duration-ms="573" started-at="2018-04-24T12:20:01Z" finished-at="2018-04-24T12:20:01Z">
    <groups>
    </groups>
    <test name="Default test" duration-ms="573" started-at="2018-04-24T12:20:01Z" finished-at="2018-04-24T12:20:01Z">
      <class name="com.eDocs.residueCalculation.NewTest">
        <test-method status="PASS" signature="test()[pri:0, instance:com.eDocs.residueCalculation.NewTest@4d910fd6]" name="test" duration-ms="545" started-at="2018-04-24T17:50:01Z" finished-at="2018-04-24T17:50:01Z">
          <reporter-output>
          </reporter-output>
        </test-method> <!-- test -->
      </class> <!-- com.eDocs.residueCalculation.NewTest -->
    </test> <!-- Default test -->
  </suite> <!-- Default suite -->
</testng-results>
